{"level":"info","message":{"code":"EAUTH","response":"535-5.7.8 Username and Password not accepted. Learn more at\n535 5.7.8  https://support.google.com/mail/?p=BadCredentials r5sm26480351wrt.43 - gsmtp","responseCode":535,"command":"AUTH PLAIN"}}
{"level":"info","message":"EMAIL SENT =>null"}
{"level":"info","message":"EMAIL SENT =>{\"accepted\":[\"iminyourpie@gmail.com\"],\"rejected\":[],\"envelopeTime\":283,\"messageTime\":748,\"messageSize\":285,\"response\":\"250 2.0.0 OK  1579134331 f16sm26519410wrm.65 - gsmtp\",\"envelope\":{\"from\":\"esmad.spectrum@gmail.com\",\"to\":[\"iminyourpie@gmail.com\"]},\"messageId\":\"<a4e06164-a8a9-759e-83e4-c58cfc8080a8@gmail.com>\"}"}
{"level":"info","message":"EMAIL SENT =>{\"accepted\":[\"iminyourpie@gmail.com\"],\"rejected\":[],\"envelopeTime\":288,\"messageTime\":682,\"messageSize\":285,\"response\":\"250 2.0.0 OK  1579134419 4sm1947132wmg.22 - gsmtp\",\"envelope\":{\"from\":\"esmad.spectrum@gmail.com\",\"to\":[\"iminyourpie@gmail.com\"]},\"messageId\":\"<8e6ecdb5-f5a9-ec6e-6fb1-18a7585acbdd@gmail.com>\"}"}
{"level":"info","message":"EMAIL SENT =>{\"accepted\":[\"iminyourpie@gmail.com\"],\"rejected\":[],\"envelopeTime\":305,\"messageTime\":727,\"messageSize\":369,\"response\":\"250 2.0.0 OK  1579134450 x10sm26548526wrp.58 - gsmtp\",\"envelope\":{\"from\":\"esmad.spectrum@gmail.com\",\"to\":[\"iminyourpie@gmail.com\"]},\"messageId\":\"<e77fd088-f419-0612-b21c-af1d51226948@gmail.com>\"}"}
{"level":"info","message":{"code":"EENVELOPE","command":"API"}}
{"level":"info","message":"EMAIL SENT =>{\"accepted\":[\"m@m.com\"],\"rejected\":[],\"envelopeTime\":878,\"messageTime\":907,\"messageSize\":362,\"response\":\"250 2.0.0 OK  1579242576 y17sm2647249wma.36 - gsmtp\",\"envelope\":{\"from\":\"esmad.spectrum@gmail.com\",\"to\":[\"m@m.com\"]},\"messageId\":\"<b596989b-02c9-7d7b-3be1-86f0878ca5d7@gmail.com>\"}"}
{"level":"info","message":"EMAIL SENT =>{\"accepted\":[\"iminyourpie@gmail.com\"],\"rejected\":[],\"envelopeTime\":962,\"messageTime\":752,\"messageSize\":390,\"response\":\"250 2.0.0 OK  1579364219 c4sm14473705wml.7 - gsmtp\",\"envelope\":{\"from\":\"esmad.spectrum@gmail.com\",\"to\":[\"iminyourpie@gmail.com\"]},\"messageId\":\"<80b7b009-c4f5-cd8a-1154-36039586e2a0@gmail.com>\"}"}
{"level":"info","message":"EMAIL SENT =>{\"accepted\":[\"iminyourpie@gmail.com\"],\"rejected\":[],\"envelopeTime\":647,\"messageTime\":811,\"messageSize\":390,\"response\":\"250 2.0.0 OK  1579372044 s128sm15628769wme.39 - gsmtp\",\"envelope\":{\"from\":\"esmad.spectrum@gmail.com\",\"to\":[\"iminyourpie@gmail.com\"]},\"messageId\":\"<db6ef88b-d601-36b3-d8ce-98e04dc481fd@gmail.com>\"}"}
{"level":"info","message":"EMAIL SENT =>{\"accepted\":[\"iminyourpie@gmail.com\"],\"rejected\":[],\"envelopeTime\":250,\"messageTime\":694,\"messageSize\":390,\"response\":\"250 2.0.0 OK  1579372193 f12sm248440wmf.28 - gsmtp\",\"envelope\":{\"from\":\"esmad.spectrum@gmail.com\",\"to\":[\"iminyourpie@gmail.com\"]},\"messageId\":\"<c30ee75e-94e5-b907-b3ae-19ed1a8e30db@gmail.com>\"}"}
{"level":"info","message":"EMAIL SENT =>{\"accepted\":[\"iminyourpie@gmail.com\"],\"rejected\":[],\"envelopeTime\":246,\"messageTime\":718,\"messageSize\":390,\"response\":\"250 2.0.0 OK  1579372339 q3sm4324187wmc.47 - gsmtp\",\"envelope\":{\"from\":\"esmad.spectrum@gmail.com\",\"to\":[\"iminyourpie@gmail.com\"]},\"messageId\":\"<a9540001-9a60-1243-fdb6-e3862bbadab1@gmail.com>\"}"}
{"level":"error","message":{"code":"ERR_HTTP_HEADERS_SENT"}}
{"level":"error","message":"Error [ERR_HTTP_HEADERS_SENT]: Cannot set headers after they are sent to the client\n    at ServerResponse.setHeader (_http_outgoing.js:485:11)\n    at ServerResponse.header (C:\\Users\\diogo\\API\\node_modules\\express\\lib\\response.js:767:10)\n    at ServerResponse.send (C:\\Users\\diogo\\API\\node_modules\\express\\lib\\response.js:170:12)\n    at ServerResponse.json (C:\\Users\\diogo\\API\\node_modules\\express\\lib\\response.js:267:15)\n    at ServerResponse.send (C:\\Users\\diogo\\API\\node_modules\\express\\lib\\response.js:158:21)\n    at C:\\Users\\diogo\\API\\controllers\\user.controller.js:84:32\n    at C:\\Users\\diogo\\API\\node_modules\\mongoose\\lib\\model.js:4609:16\n    at C:\\Users\\diogo\\API\\node_modules\\mongoose\\lib\\model.js:4609:16\n    at C:\\Users\\diogo\\API\\node_modules\\kareem\\index.js:246:48\n    at C:\\Users\\diogo\\API\\node_modules\\kareem\\index.js:135:16\n    at processTicksAndRejections (internal/process/task_queues.js:75:11)"}
{"level":"error","message":{"code":"ERR_HTTP_HEADERS_SENT"}}
{"level":"error","message":"Error [ERR_HTTP_HEADERS_SENT]: Cannot set headers after they are sent to the client\n    at ServerResponse.setHeader (_http_outgoing.js:485:11)\n    at ServerResponse.header (C:\\Users\\diogo\\API\\node_modules\\express\\lib\\response.js:767:10)\n    at ServerResponse.send (C:\\Users\\diogo\\API\\node_modules\\express\\lib\\response.js:170:12)\n    at ServerResponse.json (C:\\Users\\diogo\\API\\node_modules\\express\\lib\\response.js:267:15)\n    at ServerResponse.send (C:\\Users\\diogo\\API\\node_modules\\express\\lib\\response.js:158:21)\n    at C:\\Users\\diogo\\API\\controllers\\user.controller.js:84:32\n    at C:\\Users\\diogo\\API\\node_modules\\mongoose\\lib\\model.js:4609:16\n    at C:\\Users\\diogo\\API\\node_modules\\mongoose\\lib\\model.js:4609:16\n    at C:\\Users\\diogo\\API\\node_modules\\kareem\\index.js:246:48\n    at C:\\Users\\diogo\\API\\node_modules\\kareem\\index.js:135:16\n    at processTicksAndRejections (internal/process/task_queues.js:75:11)"}
{"level":"info","message":"EMAIL SENT =>{\"accepted\":[\"iminyourpie@gmail.com\"],\"rejected\":[],\"envelopeTime\":607,\"messageTime\":848,\"messageSize\":390,\"response\":\"250 2.0.0 OK  1579374412 q11sm40222846wrp.24 - gsmtp\",\"envelope\":{\"from\":\"esmad.spectrum@gmail.com\",\"to\":[\"iminyourpie@gmail.com\"]},\"messageId\":\"<19f67429-fadc-3e5c-f08e-773c30b1e289@gmail.com>\"}"}
{"level":"info","message":"EMAIL SENT =>{\"accepted\":[\"iminyourpie@gmail.com\"],\"rejected\":[],\"envelopeTime\":604,\"messageTime\":717,\"messageSize\":390,\"response\":\"250 2.0.0 OK  1579375530 k82sm15831760wmf.10 - gsmtp\",\"envelope\":{\"from\":\"esmad.spectrum@gmail.com\",\"to\":[\"iminyourpie@gmail.com\"]},\"messageId\":\"<609d9c8b-7bc4-2339-b8cb-c2b867e8a979@gmail.com>\"}"}
{"level":"error","message":{}}
{"level":"error","message":"TypeError: app.set is not a function\n    at Object.<anonymous> (C:\\Users\\diogo\\API\\bin\\www:16:5)\n    at Module._compile (internal/modules/cjs/loader.js:959:30)\n    at Object.Module._extensions..js (internal/modules/cjs/loader.js:995:10)\n    at Module.load (internal/modules/cjs/loader.js:815:32)\n    at Function.Module._load (internal/modules/cjs/loader.js:727:14)\n    at Function.Module.runMain (internal/modules/cjs/loader.js:1047:10)\n    at internal/main/run_main_module.js:17:11"}
{"level":"error","message":{}}
{"level":"error","message":"TypeError: Cannot read property 'set' of undefined\n    at Object.<anonymous> (C:\\Users\\diogo\\API\\bin\\www:16:5)\n    at Module._compile (internal/modules/cjs/loader.js:959:30)\n    at Object.Module._extensions..js (internal/modules/cjs/loader.js:995:10)\n    at Module.load (internal/modules/cjs/loader.js:815:32)\n    at Function.Module._load (internal/modules/cjs/loader.js:727:14)\n    at Function.Module.runMain (internal/modules/cjs/loader.js:1047:10)\n    at internal/main/run_main_module.js:17:11"}
{"level":"info","message":"EMAIL SENT =>{\"accepted\":[\"saraimonteiro18@gmail.com\"],\"rejected\":[],\"envelopeTime\":620,\"messageTime\":823,\"messageSize\":398,\"response\":\"250 2.0.0 OK  1579377042 k82sm15915652wmf.10 - gsmtp\",\"envelope\":{\"from\":\"esmad.spectrum@gmail.com\",\"to\":[\"saraimonteiro18@gmail.com\"]},\"messageId\":\"<cc4e2c12-db0d-f4e0-7255-573c99c9bb83@gmail.com>\"}"}
{"level":"error","message":{"code":"ERR_HTTP_HEADERS_SENT"}}
{"level":"error","message":"Error [ERR_HTTP_HEADERS_SENT]: Cannot set headers after they are sent to the client\n    at ServerResponse.setHeader (_http_outgoing.js:485:11)\n    at ServerResponse.header (C:\\Users\\diogo\\API\\node_modules\\express\\lib\\response.js:767:10)\n    at ServerResponse.send (C:\\Users\\diogo\\API\\node_modules\\express\\lib\\response.js:170:12)\n    at ServerResponse.json (C:\\Users\\diogo\\API\\node_modules\\express\\lib\\response.js:267:15)\n    at ServerResponse.send (C:\\Users\\diogo\\API\\node_modules\\express\\lib\\response.js:158:21)\n    at C:\\Users\\diogo\\API\\controllers\\user.controller.js:84:32\n    at C:\\Users\\diogo\\API\\node_modules\\mongoose\\lib\\model.js:4609:16\n    at C:\\Users\\diogo\\API\\node_modules\\mongoose\\lib\\model.js:4609:16\n    at C:\\Users\\diogo\\API\\node_modules\\kareem\\index.js:246:48\n    at C:\\Users\\diogo\\API\\node_modules\\kareem\\index.js:135:16\n    at processTicksAndRejections (internal/process/task_queues.js:75:11)"}
{"level":"error","message":{"code":"ERR_HTTP_HEADERS_SENT"}}
{"level":"error","message":"Error [ERR_HTTP_HEADERS_SENT]: Cannot set headers after they are sent to the client\n    at ServerResponse.setHeader (_http_outgoing.js:485:11)\n    at ServerResponse.header (C:\\Users\\diogo\\API\\node_modules\\express\\lib\\response.js:767:10)\n    at ServerResponse.send (C:\\Users\\diogo\\API\\node_modules\\express\\lib\\response.js:170:12)\n    at ServerResponse.json (C:\\Users\\diogo\\API\\node_modules\\express\\lib\\response.js:267:15)\n    at ServerResponse.send (C:\\Users\\diogo\\API\\node_modules\\express\\lib\\response.js:158:21)\n    at C:\\Users\\diogo\\API\\controllers\\user.controller.js:84:32\n    at C:\\Users\\diogo\\API\\node_modules\\mongoose\\lib\\model.js:4609:16\n    at C:\\Users\\diogo\\API\\node_modules\\mongoose\\lib\\model.js:4609:16\n    at C:\\Users\\diogo\\API\\node_modules\\kareem\\index.js:246:48\n    at C:\\Users\\diogo\\API\\node_modules\\kareem\\index.js:135:16\n    at processTicksAndRejections (internal/process/task_queues.js:75:11)"}
{"level":"error","message":{"code":"ERR_HTTP_HEADERS_SENT"}}
{"level":"error","message":"Error [ERR_HTTP_HEADERS_SENT]: Cannot set headers after they are sent to the client\n    at ServerResponse.setHeader (_http_outgoing.js:485:11)\n    at ServerResponse.header (C:\\Users\\diogo\\API\\node_modules\\express\\lib\\response.js:767:10)\n    at ServerResponse.send (C:\\Users\\diogo\\API\\node_modules\\express\\lib\\response.js:170:12)\n    at ServerResponse.json (C:\\Users\\diogo\\API\\node_modules\\express\\lib\\response.js:267:15)\n    at ServerResponse.send (C:\\Users\\diogo\\API\\node_modules\\express\\lib\\response.js:158:21)\n    at C:\\Users\\diogo\\API\\controllers\\user.controller.js:85:32\n    at C:\\Users\\diogo\\API\\node_modules\\mongoose\\lib\\model.js:4609:16\n    at C:\\Users\\diogo\\API\\node_modules\\mongoose\\lib\\model.js:4609:16\n    at C:\\Users\\diogo\\API\\node_modules\\kareem\\index.js:246:48\n    at C:\\Users\\diogo\\API\\node_modules\\kareem\\index.js:135:16\n    at processTicksAndRejections (internal/process/task_queues.js:75:11)"}
{"level":"info","message":"EMAIL SENT =>{\"accepted\":[\"iminyourpie@gmail.com\"],\"rejected\":[],\"envelopeTime\":636,\"messageTime\":757,\"messageSize\":796,\"response\":\"250 2.0.0 OK  1579397888 q68sm18616969wme.14 - gsmtp\",\"envelope\":{\"from\":\"esmad.spectrum@gmail.com\",\"to\":[\"iminyourpie@gmail.com\"]},\"messageId\":\"<ceb5f74a-408b-3aeb-cada-dc699a52752f@gmail.com>\"}"}
{"level":"error","message":{"code":"ERR_STREAM_DESTROYED","source":"socket"}}
{"level":"error","message":"Error [ERR_STREAM_DESTROYED]: Cannot call write after a stream was destroyed\n    at doWrite (_stream_writable.js:427:19)\n    at clearBuffer (_stream_writable.js:551:7)\n    at Socket.Writable.uncork (_stream_writable.js:325:7)\n    at JSStreamSocket.doWrite (internal/js_stream_socket.js:162:17)\n    at JSStream.onwrite (internal/js_stream_socket.js:20:57)\n    at Socket.ondata (internal/js_stream_socket.js:64:22)\n    at Socket.emit (events.js:210:5)\n    at addChunk (_stream_readable.js:309:12)\n    at readableAddChunk (_stream_readable.js:290:11)\n    at Socket.Readable.push (_stream_readable.js:224:10)\n    at TCP.onStreamRead (internal/stream_base_commons.js:182:23)"}
{"level":"error","message":{"code":"DEPTH_ZERO_SELF_SIGNED_CERT","source":"socket"}}
{"level":"error","message":"Error: self signed certificate\n    at TLSSocket.onConnectSecure (_tls_wrap.js:1321:34)\n    at TLSSocket.emit (events.js:210:5)\n    at TLSSocket._finishInit (_tls_wrap.js:794:8)\n    at TLSWrap.ssl.onhandshakedone (_tls_wrap.js:608:12)\n    at Socket.ondata (internal/js_stream_socket.js:64:22)\n    at Socket.emit (events.js:210:5)\n    at addChunk (_stream_readable.js:309:12)\n    at readableAddChunk (_stream_readable.js:290:11)\n    at Socket.Readable.push (_stream_readable.js:224:10)\n    at TCP.onStreamRead (internal/stream_base_commons.js:182:23)"}
{"level":"error","message":{"source":"timeout-auth"}}
{"level":"error","message":"Error: Timed out while authenticating with server\n    at Timeout._onTimeout (C:\\Users\\diogo\\API\\node_modules\\imap\\lib\\Connection.js:139:17)\n    at listOnTimeout (internal/timers.js:531:17)\n    at processTimers (internal/timers.js:475:7)"}
{"level":"error","message":{"source":"timeout-auth"}}
{"level":"error","message":"Error: Timed out while authenticating with server\n    at Timeout._onTimeout (C:\\Users\\diogo\\API\\node_modules\\imap\\lib\\Connection.js:139:17)\n    at listOnTimeout (internal/timers.js:531:17)\n    at processTimers (internal/timers.js:475:7)"}
{"level":"error","message":{"source":"timeout-auth"}}
{"level":"error","message":"Error: Timed out while authenticating with server\n    at Timeout._onTimeout (C:\\Users\\diogo\\API\\node_modules\\imap\\lib\\Connection.js:139:17)\n    at listOnTimeout (internal/timers.js:531:17)\n    at processTimers (internal/timers.js:475:7)"}
{"level":"error","message":{"source":"timeout-auth"}}
{"level":"error","message":"Error: Timed out while authenticating with server\n    at Timeout._onTimeout (C:\\Users\\diogo\\API\\node_modules\\imap\\lib\\Connection.js:139:17)\n    at listOnTimeout (internal/timers.js:531:17)\n    at processTimers (internal/timers.js:475:7)"}
{"level":"error","message":{"source":"timeout-auth"}}
{"level":"error","message":"Error: Timed out while authenticating with server\n    at Timeout._onTimeout (C:\\Users\\diogo\\API\\node_modules\\imap\\lib\\Connection.js:139:17)\n    at listOnTimeout (internal/timers.js:531:17)\n    at processTimers (internal/timers.js:475:7)"}
{"level":"error","message":{"source":"timeout-auth"}}
{"level":"error","message":"Error: Timed out while authenticating with server\n    at Timeout._onTimeout (C:\\Users\\diogo\\API\\node_modules\\imap\\lib\\Connection.js:139:17)\n    at listOnTimeout (internal/timers.js:531:17)\n    at processTimers (internal/timers.js:475:7)"}
{"level":"error","message":{"source":"timeout-auth"}}
{"level":"error","message":"Error: Timed out while authenticating with server\n    at Timeout._onTimeout (C:\\Users\\diogo\\API\\node_modules\\imap\\lib\\Connection.js:139:17)\n    at listOnTimeout (internal/timers.js:531:17)\n    at processTimers (internal/timers.js:475:7)"}
{"level":"error","message":{"source":"timeout-auth"}}
{"level":"error","message":"Error: Timed out while authenticating with server\n    at Timeout._onTimeout (C:\\Users\\diogo\\API\\node_modules\\imap\\lib\\Connection.js:139:17)\n    at listOnTimeout (internal/timers.js:531:17)\n    at processTimers (internal/timers.js:475:7)"}
{"level":"error","message":{"code":"ERR_STREAM_DESTROYED","source":"socket"}}
{"level":"error","message":"Error [ERR_STREAM_DESTROYED]: Cannot call write after a stream was destroyed\n    at doWrite (_stream_writable.js:427:19)\n    at clearBuffer (_stream_writable.js:551:7)\n    at Socket.Writable.uncork (_stream_writable.js:325:7)\n    at JSStreamSocket.doWrite (internal/js_stream_socket.js:162:17)\n    at JSStream.onwrite (internal/js_stream_socket.js:20:57)\n    at Socket.ondata (internal/js_stream_socket.js:64:22)\n    at Socket.emit (events.js:210:5)\n    at addChunk (_stream_readable.js:309:12)\n    at readableAddChunk (_stream_readable.js:290:11)\n    at Socket.Readable.push (_stream_readable.js:224:10)\n    at TCP.onStreamRead (internal/stream_base_commons.js:182:23)"}
{"level":"error","message":{"code":"DEPTH_ZERO_SELF_SIGNED_CERT","source":"socket"}}
{"level":"error","message":"Error: self signed certificate\n    at TLSSocket.onConnectSecure (_tls_wrap.js:1321:34)\n    at TLSSocket.emit (events.js:210:5)\n    at TLSSocket._finishInit (_tls_wrap.js:794:8)\n    at TLSWrap.ssl.onhandshakedone (_tls_wrap.js:608:12)\n    at Socket.ondata (internal/js_stream_socket.js:64:22)\n    at Socket.emit (events.js:210:5)\n    at addChunk (_stream_readable.js:309:12)\n    at readableAddChunk (_stream_readable.js:290:11)\n    at Socket.Readable.push (_stream_readable.js:224:10)\n    at TCP.onStreamRead (internal/stream_base_commons.js:182:23)"}
{"level":"error","message":{"code":"ERR_STREAM_DESTROYED","source":"socket"}}
{"level":"error","message":"Error [ERR_STREAM_DESTROYED]: Cannot call write after a stream was destroyed\n    at doWrite (_stream_writable.js:427:19)\n    at clearBuffer (_stream_writable.js:551:7)\n    at Socket.Writable.uncork (_stream_writable.js:325:7)\n    at JSStreamSocket.doWrite (internal/js_stream_socket.js:162:17)\n    at JSStream.onwrite (internal/js_stream_socket.js:20:57)\n    at Socket.ondata (internal/js_stream_socket.js:64:22)\n    at Socket.emit (events.js:210:5)\n    at addChunk (_stream_readable.js:309:12)\n    at readableAddChunk (_stream_readable.js:290:11)\n    at Socket.Readable.push (_stream_readable.js:224:10)\n    at TCP.onStreamRead (internal/stream_base_commons.js:182:23)"}
{"level":"error","message":{"code":"DEPTH_ZERO_SELF_SIGNED_CERT","source":"socket"}}
{"level":"error","message":"Error: self signed certificate\n    at TLSSocket.onConnectSecure (_tls_wrap.js:1321:34)\n    at TLSSocket.emit (events.js:210:5)\n    at TLSSocket._finishInit (_tls_wrap.js:794:8)\n    at TLSWrap.ssl.onhandshakedone (_tls_wrap.js:608:12)\n    at Socket.ondata (internal/js_stream_socket.js:64:22)\n    at Socket.emit (events.js:210:5)\n    at addChunk (_stream_readable.js:309:12)\n    at readableAddChunk (_stream_readable.js:290:11)\n    at Socket.Readable.push (_stream_readable.js:224:10)\n    at TCP.onStreamRead (internal/stream_base_commons.js:182:23)"}
{"level":"error","message":{"code":"ERR_STREAM_DESTROYED","source":"socket"}}
{"level":"error","message":"Error [ERR_STREAM_DESTROYED]: Cannot call write after a stream was destroyed\n    at doWrite (_stream_writable.js:427:19)\n    at clearBuffer (_stream_writable.js:551:7)\n    at Socket.Writable.uncork (_stream_writable.js:325:7)\n    at JSStreamSocket.doWrite (internal/js_stream_socket.js:162:17)\n    at JSStream.onwrite (internal/js_stream_socket.js:20:57)\n    at Socket.ondata (internal/js_stream_socket.js:64:22)\n    at Socket.emit (events.js:210:5)\n    at addChunk (_stream_readable.js:309:12)\n    at readableAddChunk (_stream_readable.js:290:11)\n    at Socket.Readable.push (_stream_readable.js:224:10)\n    at TCP.onStreamRead (internal/stream_base_commons.js:182:23)"}
{"level":"error","message":{"code":"DEPTH_ZERO_SELF_SIGNED_CERT","source":"socket"}}
{"level":"error","message":"Error: self signed certificate\n    at TLSSocket.onConnectSecure (_tls_wrap.js:1321:34)\n    at TLSSocket.emit (events.js:210:5)\n    at TLSSocket._finishInit (_tls_wrap.js:794:8)\n    at TLSWrap.ssl.onhandshakedone (_tls_wrap.js:608:12)\n    at Socket.ondata (internal/js_stream_socket.js:64:22)\n    at Socket.emit (events.js:210:5)\n    at addChunk (_stream_readable.js:309:12)\n    at readableAddChunk (_stream_readable.js:290:11)\n    at Socket.Readable.push (_stream_readable.js:224:10)\n    at TCP.onStreamRead (internal/stream_base_commons.js:182:23)"}
{"level":"error","message":{"code":"ERR_STREAM_DESTROYED","source":"socket"}}
{"level":"error","message":"Error [ERR_STREAM_DESTROYED]: Cannot call write after a stream was destroyed\n    at doWrite (_stream_writable.js:427:19)\n    at clearBuffer (_stream_writable.js:551:7)\n    at Socket.Writable.uncork (_stream_writable.js:325:7)\n    at JSStreamSocket.doWrite (internal/js_stream_socket.js:162:17)\n    at JSStream.onwrite (internal/js_stream_socket.js:20:57)\n    at Socket.ondata (internal/js_stream_socket.js:64:22)\n    at Socket.emit (events.js:210:5)\n    at addChunk (_stream_readable.js:309:12)\n    at readableAddChunk (_stream_readable.js:290:11)\n    at Socket.Readable.push (_stream_readable.js:224:10)\n    at TCP.onStreamRead (internal/stream_base_commons.js:182:23)"}
{"level":"error","message":{"code":"DEPTH_ZERO_SELF_SIGNED_CERT","source":"socket"}}
{"level":"error","message":"Error: self signed certificate\n    at TLSSocket.onConnectSecure (_tls_wrap.js:1321:34)\n    at TLSSocket.emit (events.js:210:5)\n    at TLSSocket._finishInit (_tls_wrap.js:794:8)\n    at TLSWrap.ssl.onhandshakedone (_tls_wrap.js:608:12)\n    at Socket.ondata (internal/js_stream_socket.js:64:22)\n    at Socket.emit (events.js:210:5)\n    at addChunk (_stream_readable.js:309:12)\n    at readableAddChunk (_stream_readable.js:290:11)\n    at Socket.Readable.push (_stream_readable.js:224:10)\n    at TCP.onStreamRead (internal/stream_base_commons.js:182:23)"}
{"level":"error","message":{"code":"ERR_STREAM_DESTROYED","source":"socket"}}
{"level":"error","message":"Error [ERR_STREAM_DESTROYED]: Cannot call write after a stream was destroyed\n    at doWrite (_stream_writable.js:427:19)\n    at clearBuffer (_stream_writable.js:551:7)\n    at Socket.Writable.uncork (_stream_writable.js:325:7)\n    at JSStreamSocket.doWrite (internal/js_stream_socket.js:162:17)\n    at JSStream.onwrite (internal/js_stream_socket.js:20:57)\n    at Socket.ondata (internal/js_stream_socket.js:64:22)\n    at Socket.emit (events.js:210:5)\n    at addChunk (_stream_readable.js:309:12)\n    at readableAddChunk (_stream_readable.js:290:11)\n    at Socket.Readable.push (_stream_readable.js:224:10)\n    at TCP.onStreamRead (internal/stream_base_commons.js:182:23)"}
{"level":"error","message":{"code":"DEPTH_ZERO_SELF_SIGNED_CERT","source":"socket"}}
{"level":"error","message":"Error: self signed certificate\n    at TLSSocket.onConnectSecure (_tls_wrap.js:1321:34)\n    at TLSSocket.emit (events.js:210:5)\n    at TLSSocket._finishInit (_tls_wrap.js:794:8)\n    at TLSWrap.ssl.onhandshakedone (_tls_wrap.js:608:12)\n    at Socket.ondata (internal/js_stream_socket.js:64:22)\n    at Socket.emit (events.js:210:5)\n    at addChunk (_stream_readable.js:309:12)\n    at readableAddChunk (_stream_readable.js:290:11)\n    at Socket.Readable.push (_stream_readable.js:224:10)\n    at TCP.onStreamRead (internal/stream_base_commons.js:182:23)"}
{"level":"error","message":{"source":"timeout-auth"}}
{"level":"error","message":"Error: Timed out while authenticating with server\n    at Timeout._onTimeout (C:\\Users\\diogo\\API\\node_modules\\imap\\lib\\Connection.js:139:17)\n    at listOnTimeout (internal/timers.js:531:17)\n    at processTimers (internal/timers.js:475:7)"}
{"level":"error","message":{"source":"timeout-auth"}}
{"level":"error","message":"Error: Timed out while authenticating with server\n    at Timeout._onTimeout (C:\\Users\\diogo\\API\\node_modules\\imap\\lib\\Connection.js:139:17)\n    at listOnTimeout (internal/timers.js:531:17)\n    at processTimers (internal/timers.js:475:7)"}
{"level":"error","message":{"source":"timeout-auth"}}
{"level":"error","message":"Error: Timed out while authenticating with server\n    at Timeout._onTimeout (C:\\Users\\diogo\\API\\node_modules\\imap\\lib\\Connection.js:139:17)\n    at listOnTimeout (internal/timers.js:531:17)\n    at processTimers (internal/timers.js:475:7)"}
{"level":"error","message":{"source":"timeout-auth"}}
{"level":"error","message":"Error: Timed out while authenticating with server\n    at Timeout._onTimeout (C:\\Users\\diogo\\API\\node_modules\\imap\\lib\\Connection.js:139:17)\n    at listOnTimeout (internal/timers.js:531:17)\n    at processTimers (internal/timers.js:475:7)"}
{"level":"error","message":{"source":"timeout-auth"}}
{"level":"error","message":"Error: Timed out while authenticating with server\n    at Timeout._onTimeout (C:\\Users\\diogo\\API\\node_modules\\imap\\lib\\Connection.js:139:17)\n    at listOnTimeout (internal/timers.js:531:17)\n    at processTimers (internal/timers.js:475:7)"}
{"level":"error","message":{"source":"timeout-auth"}}
{"level":"error","message":"Error: Timed out while authenticating with server\n    at Timeout._onTimeout (C:\\Users\\diogo\\API\\node_modules\\imap\\lib\\Connection.js:139:17)\n    at listOnTimeout (internal/timers.js:531:17)\n    at processTimers (internal/timers.js:475:7)"}
{"level":"error","message":{"source":"timeout-auth"}}
{"level":"error","message":"Error: Timed out while authenticating with server\n    at Timeout._onTimeout (C:\\Users\\diogo\\API\\node_modules\\imap\\lib\\Connection.js:139:17)\n    at listOnTimeout (internal/timers.js:531:17)\n    at processTimers (internal/timers.js:475:7)"}
{"level":"error","message":{"source":"timeout-auth"}}
{"level":"error","message":"Error: Timed out while authenticating with server\n    at Timeout._onTimeout (C:\\Users\\diogo\\API\\node_modules\\imap\\lib\\Connection.js:139:17)\n    at listOnTimeout (internal/timers.js:531:17)\n    at processTimers (internal/timers.js:475:7)"}
{"level":"error","message":{"source":"timeout-auth"}}
{"level":"error","message":"Error: Timed out while authenticating with server\n    at Timeout._onTimeout (C:\\Users\\diogo\\API\\node_modules\\imap\\lib\\Connection.js:139:17)\n    at listOnTimeout (internal/timers.js:531:17)\n    at processTimers (internal/timers.js:475:7)"}
{"level":"error","message":{"source":"timeout-auth"}}
{"level":"error","message":"Error: Timed out while authenticating with server\n    at Timeout._onTimeout (C:\\Users\\diogo\\API\\node_modules\\imap\\lib\\Connection.js:139:17)\n    at listOnTimeout (internal/timers.js:531:17)\n    at processTimers (internal/timers.js:475:7)"}
{"level":"error","message":{"code":"ERR_TLS_INVALID_PROTOCOL_METHOD"}}
{"level":"error","message":{"type":"no","textCode":"ALERT","source":"authentication"}}
{"level":"error","message":"Error: Application-specific password required: https://support.google.com/accounts/answer/185833 (Failure)\n    at Connection._resTagged (C:\\Users\\diogo\\API\\node_modules\\imap\\lib\\Connection.js:1502:11)\n    at Parser.<anonymous> (C:\\Users\\diogo\\API\\node_modules\\imap\\lib\\Connection.js:194:10)\n    at Parser.emit (events.js:210:5)\n    at Parser._resTagged (C:\\Users\\diogo\\API\\node_modules\\imap\\lib\\Parser.js:175:10)\n    at Parser._parse (C:\\Users\\diogo\\API\\node_modules\\imap\\lib\\Parser.js:139:16)\n    at Parser._tryread (C:\\Users\\diogo\\API\\node_modules\\imap\\lib\\Parser.js:82:15)\n    at TLSSocket.Parser._cbReadable (C:\\Users\\diogo\\API\\node_modules\\imap\\lib\\Parser.js:53:12)\n    at TLSSocket.emit (events.js:210:5)\n    at emitReadable_ (_stream_readable.js:575:12)\n    at processTicksAndRejections (internal/process/task_queues.js:79:21)"}
{"level":"error","message":{}}
{"level":"error","message":{"errors":{"tls":{"message":"Path `tls` is required.","name":"ValidatorError","properties":{"message":"Path `tls` is required.","type":"required","path":"tls"},"kind":"required","path":"tls"},"port":{"message":"Path `port` is required.","name":"ValidatorError","properties":{"message":"Path `port` is required.","type":"required","path":"port"},"kind":"required","path":"port"},"host":{"message":"Path `host` is required.","name":"ValidatorError","properties":{"message":"Path `host` is required.","type":"required","path":"host"},"kind":"required","path":"host"},"password":{"message":"Path `password` is required.","name":"ValidatorError","properties":{"message":"Path `password` is required.","type":"required","path":"password"},"kind":"required","path":"password"},"user":{"message":"Path `user` is required.","name":"ValidatorError","properties":{"message":"Path `user` is required.","type":"required","path":"user"},"kind":"required","path":"user"}},"_message":"EmailConfig validation failed","message":"EmailConfig validation failed: tls: Path `tls` is required., port: Path `port` is required., host: Path `host` is required., password: Path `password` is required., user: Path `user` is required.","name":"ValidationError"}}
{"level":"info","message":"SAVED RECEIVED EMAIL =>{\"_id\":\"5e23cfb29a2cdc120c638b53\",\"title\":\"Re: Welcome to Spectrum Security, here are your credentials!\",\"text\":\"dsdasdadas\\n\\nOn Sun, Jan 19, 2020 at 3:39 AM Miguel Melo  wrote:\\n\\n> sadasdad\\n>\\n> On Sun, Jan 19, 2020 at 3:38 AM Miguel Melo  wrote:\\n>\\n>> sdadadadsdsa\\n>>\\n>> On Sun, Jan 19, 2020 at 3:06 AM Miguel Melo \\n>> wrote:\\n>>\\n>>> sdsdasd\\n>>>\\n>>> On Sun, Jan 19, 2020 at 1:38 AM  wrote:\\n>>>\\n>>>> Thank you for signing up to *Spectrum Security*!\\n>>>>\\n>>>> From now on, your office will be much safer! Just login using the\\n>>>> credentials below and we'll take it from there!\\n>>>>\\n>>>>\\n>>>>\\n>>>>    - *E-mail: *iminyourpie@gmail.com\\n>>>>    - *Password: *2nPi2v\\n>>>>\\n>>>>\\n>>>>\\n>>>> For more information, please contact us or visit our website.\\n>>>>\\n>>>>\\n>>>>\\n>>>> Sincerely,\\n>>>>\\n>>>> Spectrum Security Team\\n>>>>\\n>>>\\n\",\"createdAt\":\"2020-01-19T03:40:34.787Z\",\"updatedAt\":\"2020-01-19T03:40:34.787Z\",\"__v\":0}"}
{"level":"error","message":{"type":"no","textCode":"ALERT","source":"authentication"}}
{"level":"error","message":"Error: Application-specific password required: https://support.google.com/accounts/answer/185833 (Failure)\n    at Connection._resTagged (C:\\Users\\diogo\\API\\node_modules\\imap\\lib\\Connection.js:1502:11)\n    at Parser.<anonymous> (C:\\Users\\diogo\\API\\node_modules\\imap\\lib\\Connection.js:194:10)\n    at Parser.emit (events.js:210:5)\n    at Parser._resTagged (C:\\Users\\diogo\\API\\node_modules\\imap\\lib\\Parser.js:175:10)\n    at Parser._parse (C:\\Users\\diogo\\API\\node_modules\\imap\\lib\\Parser.js:139:16)\n    at Parser._tryread (C:\\Users\\diogo\\API\\node_modules\\imap\\lib\\Parser.js:82:15)\n    at TLSSocket.Parser._cbReadable (C:\\Users\\diogo\\API\\node_modules\\imap\\lib\\Parser.js:53:12)\n    at TLSSocket.emit (events.js:210:5)\n    at emitReadable_ (_stream_readable.js:575:12)\n    at processTicksAndRejections (internal/process/task_queues.js:79:21)"}
{"level":"info","message":"SAVED RECEIVED EMAIL =>{\"_id\":\"5e23d09850ae2e1d00c4eaa0\",\"title\":\"New service request\",\"text\":\"I would like to order your services to secure my offices.\\nThank You.\\n\",\"createdAt\":\"2020-01-19T03:44:24.335Z\",\"updatedAt\":\"2020-01-19T03:44:24.335Z\",\"__v\":0}"}
{"level":"info","message":"EMAIL SENT =>{\"accepted\":[\"iminyourpie@gmail.com\"],\"rejected\":[],\"envelopeTime\":597,\"messageTime\":815,\"messageSize\":796,\"response\":\"250 2.0.0 OK  1579408614 u18sm41243023wrt.26 - gsmtp\",\"envelope\":{\"from\":\"esmad.spectrum@gmail.com\",\"to\":[\"iminyourpie@gmail.com\"]},\"messageId\":\"<f6d4ec79-decb-44d6-0382-0c4474f1bc87@gmail.com>\"}"}
{"level":"info","message":"SAVED RECEIVED EMAIL =>{\"_id\":\"5e2451fb7e6390378cd78e6e\",\"title\":\"Re: Welcome to Spectrum Security, here are your credentials!\",\"text\":\"Oi!\\n\\nA domingo, 19 de jan de 2020, 12:55,  escreveu:\\n\\n> Thank you for signing up to *Spectrum Security*!\\n>\\n> From now on, your office will be much safer! Just login using the\\n> credentials below and we'll take it from there!\\n>\\n>\\n>\\n>    - *E-mail: *saraimonteiro18@gmail.com\\n>    - *Password: *5ihaCN\\n>\\n>\\n>\\n> For more information, please contact us or visit our website.\\n>\\n>\\n>\\n> Sincerely,\\n>\\n> Spectrum Security Team\\n>\\n\",\"createdAt\":\"2020-01-19T12:56:27.072Z\",\"updatedAt\":\"2020-01-19T12:56:27.072Z\",\"__v\":0}"}
{"level":"info","message":"SAVED RECEIVED EMAIL =>{\"_id\":\"5e2452737e6390378cd78e6f\",\"title\":\"Coisas\",\"text\":\"dsadasdadsasd\\n\",\"createdAt\":\"2020-01-19T12:58:27.363Z\",\"updatedAt\":\"2020-01-19T12:58:27.363Z\",\"__v\":0}"}
{"level":"info","message":"EMAIL SENT =>{\"accepted\":[\"bernardo.caiano@outlook.pt\"],\"rejected\":[],\"envelopeTime\":489,\"messageTime\":833,\"messageSize\":806,\"response\":\"250 2.0.0 OK  1579446928 d12sm44475979wrp.62 - gsmtp\",\"envelope\":{\"from\":\"esmad.spectrum@gmail.com\",\"to\":[\"bernardo.caiano@outlook.pt\"]},\"messageId\":\"<cee133f6-ae8d-b6da-7448-a7d7709259b5@gmail.com>\"}"}
{"level":"error","message":{"errno":"ECONNRESET","code":"ECONNRESET","syscall":"write","source":"socket"}}
{"level":"error","message":{"errno":"ECONNRESET","code":"ECONNRESET","syscall":"write","source":"socket"}}
{"level":"error","message":"Error: write ECONNRESET\n    at WriteWrap.onWriteComplete [as oncomplete] (internal/stream_base_commons.js:87:16)\n    at JSStreamSocket.finishWrite (internal/js_stream_socket.js:196:12)\n    at Immediate.<anonymous> (internal/js_stream_socket.js:181:14)\n    at processImmediate (internal/timers.js:439:21)"}
{"level":"info","message":"SAVED RECEIVED EMAIL =>{\"_id\":\"5e24b436f3def4061eff8ff1\",\"title\":\"Hello there.\",\"text\":\"General Kenobi!\\n\",\"createdAt\":\"2020-01-19T19:55:34.344Z\",\"updatedAt\":\"2020-01-19T19:55:34.344Z\",\"__v\":0}"}
{"level":"info","message":"SAVED RECEIVED EMAIL =>{\"_id\":\"5e24b4e0f3def4061eff8ff2\",\"title\":\"test\",\"text\":\"sasdsad\\n\",\"createdAt\":\"2020-01-19T19:58:24.706Z\",\"updatedAt\":\"2020-01-19T19:58:24.706Z\",\"__v\":0}"}
{"level":"info","message":"SAVED RECEIVED EMAIL =>{\"_id\":\"5e24b569711f8d7bd9bebbcd\",\"title\":\"Re: test\",\"text\":\"sadsad\\n\\nOn Sun, Jan 19, 2020 at 7:58 PM Miguel Melo  wrote:\\n\\n> sasdsad\\n>\\n\",\"createdAt\":\"2020-01-19T20:00:41.189Z\",\"updatedAt\":\"2020-01-19T20:00:41.189Z\",\"__v\":0}"}
{"level":"info","message":"SAVED RECEIVED EMAIL =>{\"_id\":\"5e24bf7e99bd9d7764729f68\",\"title\":\"231322\",\"text\":\"312312323\\n\",\"createdAt\":\"2020-01-19T20:43:42.391Z\",\"updatedAt\":\"2020-01-19T20:43:42.391Z\",\"__v\":0}"}
{"level":"info","message":"SAVED RECEIVED EMAIL =>{\"_id\":\"5e24bfa9b96bdc8f9ab6a522\",\"title\":\"asdasd\",\"text\":\"dasdasdas\\n\",\"createdAt\":\"2020-01-19T20:44:25.673Z\",\"updatedAt\":\"2020-01-19T20:44:25.673Z\",\"__v\":0}"}
{"level":"info","message":"SAVED RECEIVED EMAIL =>{\"_id\":\"5e24c07e50d58fad994aba7c\",\"title\":\"sdaada\",\"text\":\"sdasdasda\\n\",\"createdAt\":\"2020-01-19T20:47:58.607Z\",\"updatedAt\":\"2020-01-19T20:47:58.607Z\",\"__v\":0}"}
{"level":"info","message":"SAVED RECEIVED EMAIL =>{\"_id\":\"5e24c10d1839e4ebecd0b2eb\"}"}
{"level":"error","message":{}}
{"level":"info","message":"SAVED RECEIVED EMAIL =>{\"title\":\"Wadup\",\"name\":\"Miguel Melo\",\"email\":\"iminyourpie@gmail.com\",\"text\":\"hey\\n\"}"}
{"level":"info","message":"SAVED RECEIVED EMAIL =>{\"title\":\"dsdads\",\"name\":\"Miguel Melo\",\"email\":\"iminyourpie@gmail.com\",\"text\":\"sdaasdasd\\n\"}"}
{"level":"info","message":"SAVED RECEIVED EMAIL =>{\"title\":\"sda\",\"name\":\"Miguel Melo\",\"email\":\"iminyourpie@gmail.com\",\"text\":\"sdadsd\\n\"}"}
{"level":"info","message":"SAVED RECEIVED EMAIL =>{\"title\":\"sdas\",\"name\":\"Miguel Melo\",\"email\":\"iminyourpie@gmail.com\",\"text\":\"dsad\\n\"}"}
{"level":"info","message":"SAVED RECEIVED EMAIL =>iminyourpie@gmail.com"}
{"level":"info","message":"SAVED RECEIVED EMAIL => ok"}
{"level":"info","message":"SAVED RECEIVED EMAIL => ok"}
{"level":"info","message":"SAVED RECEIVED EMAIL => ok"}
{"level":"info","message":"SAVED RECEIVED EMAIL => ok"}
{"level":"info","message":"SAVED RECEIVED EMAIL => ok"}
{"level":"info","message":"SAVED RECEIVED EMAIL => ok"}
{"level":"info","message":"SAVED RECEIVED EMAIL => ok"}
{"level":"info","message":"SAVED RECEIVED EMAIL => ok"}
{"level":"info","message":"EMAIL SENT =>{\"accepted\":[\"coelho.jorge11@gmail.com\"],\"rejected\":[],\"envelopeTime\":574,\"messageTime\":747,\"messageSize\":802,\"response\":\"250 2.0.0 OK  1579608664 b21sm3951591wmd.37 - gsmtp\",\"envelope\":{\"from\":\"esmad.spectrum@gmail.com\",\"to\":[\"coelho.jorge11@gmail.com\"]},\"messageId\":\"<27cad102-b49c-e7de-951b-f3bb36f99edf@gmail.com>\"}"}
